c:\users\capta\documents\school\programming\c++\gui_2\gui_2\release\vc143.pdb
c:\users\capta\documents\school\programming\c++\gui_2\gui_2\release\imgui_widgets.obj
c:\users\capta\documents\school\programming\c++\gui_2\gui_2\release\imgui_tables.obj
c:\users\capta\documents\school\programming\c++\gui_2\gui_2\release\imgui_impl_win32.obj
c:\users\capta\documents\school\programming\c++\gui_2\gui_2\release\imgui_impl_dx9.obj
c:\users\capta\documents\school\programming\c++\gui_2\gui_2\release\imgui_draw.obj
c:\users\capta\documents\school\programming\c++\gui_2\gui_2\release\imgui_demo.obj
c:\users\capta\documents\school\programming\c++\gui_2\gui_2\release\imgui.obj
c:\users\capta\documents\school\programming\c++\gui_2\gui_2\release\main.obj
c:\users\capta\documents\school\programming\c++\gui_2\gui_2\release\examples.obj
c:\users\capta\documents\school\programming\c++\gui_2\release\gui_2.exe
c:\users\capta\documents\school\programming\c++\gui_2\gui_2\release\gui_2.ipdb
c:\users\capta\documents\school\programming\c++\gui_2\gui_2\release\gui_2.iobj
c:\users\capta\documents\school\programming\c++\gui_2\release\gui_2.pdb
c:\users\capta\documents\school\programming\c++\gui_2\gui_2\release\gui_2.tlog\cl.command.1.tlog
c:\users\capta\documents\school\programming\c++\gui_2\gui_2\release\gui_2.tlog\cl.read.1.tlog
c:\users\capta\documents\school\programming\c++\gui_2\gui_2\release\gui_2.tlog\cl.write.1.tlog
c:\users\capta\documents\school\programming\c++\gui_2\gui_2\release\gui_2.tlog\link.command.1.tlog
c:\users\capta\documents\school\programming\c++\gui_2\gui_2\release\gui_2.tlog\link.read.1.tlog
c:\users\capta\documents\school\programming\c++\gui_2\gui_2\release\gui_2.tlog\link.write.1.tlog
